723	crash	ReduceSumSquare	TypeError_python/tvm/relay/frontend/common.py_453_sum got multiple values for argument 'axis'
725	crash	ReduceSumSquare	TypeError_python/tvm/relay/frontend/common.py_453_sum got multiple values for argument 'axis'
684	crash	ReduceLogSum	TypeError_python/tvm/relay/frontend/common.py_453_sum got multiple values for argument 'axis'
680	crash	ReduceLogSum	TypeError_python/tvm/relay/frontend/common.py_453_sum got multiple values for argument 'axis'
500	crash	LpPool	KeyError_python/tvm/relay/frontend/onnx.py_1998_'strides'
637	crash	OptionalHasElement	TVMError_python/tvm/_ffi/_ctypes/packed_func.py_237_Found null pointer node while traversing AST. The previous pass may have generated invalid data.
303	crash	Dropout	TypeError_python/tvm/relay/frontend/common.py_453_dropout got an unexpected keyword argument 'seed'
696	crash	ReduceL1	TypeError_python/tvm/relay/frontend/common.py_453_sum got multiple values for argument 'axis'
702	crash	ReduceL2	TypeError_python/tvm/relay/frontend/common.py_453_sum got multiple values for argument 'axis'
532	crash	MaxPool	AssertionError_python/tvm/relay/frontend/onnx.py_7117_Number of output mismatch 2 vs 1 in MaxPool.
686	crash	ReduceLogSum	TypeError_python/tvm/relay/frontend/common.py_453_sum got multiple values for argument 'axis'
698	crash	ReduceL1	TypeError_python/tvm/relay/frontend/common.py_453_sum got multiple values for argument 'axis'
704	crash	ReduceL2	TypeError_python/tvm/relay/frontend/common.py_453_sum got multiple values for argument 'axis'
504	crash	LpPool	TypeError_python/tvm/relay/frontend/common.py_453_avg_pool2d got an unexpected keyword argument 'dilations'
694	crash	ReduceL1	TypeError_python/tvm/relay/frontend/common.py_453_sum got multiple values for argument 'axis'
700	crash	ReduceL2	TypeError_python/tvm/relay/frontend/common.py_453_sum got multiple values for argument 'axis'
722	crash	ReduceSumSquare	TypeError_python/tvm/relay/frontend/common.py_453_sum got multiple values for argument 'axis'
934	crash	Split	TVMError_python/tvm/_ffi/_ctypes/packed_func.py_237_indices_or_sections need to be able to divide input.shape
305	crash	Dropout	TypeError_python/tvm/relay/frontend/common.py_453_dropout got an unexpected keyword argument 'seed'
501	crash	LpPool	KeyError_python/tvm/relay/frontend/onnx.py_1998_'strides'
323	crash	Constant	AttributeError_python/tvm/relay/frontend/onnx.py_3463_module 'tvm' has no attribute 'errors'
935	crash	Split	TVMError_python/tvm/_ffi/_ctypes/packed_func.py_237_indices_or_sections need to be able to divide input.shape
530	crash	MaxPool	AssertionError_python/tvm/relay/frontend/onnx.py_7117_Number of output mismatch 2 vs 1 in MaxPool.
321	crash	Constant	AttributeError_python/tvm/relay/frontend/onnx.py_3463_module 'tvm' has no attribute 'errors'
283	crash	CumSum	AssertionError_python/tvm/relay/frontend/common.py_545_All inputs to infer must be available in params.
9	wrong results	SequenceConstruct	wrong results
427	crash	If	ValueError: Cannot parse attribute: name: "type"
822	crash	SequenceInsert	TypeError: object of type 'Var' has no len()
788	crash	Scan	TVMError: Check failed: (func) is false: Expected the operator to be a global var, but got relay.Let
924	wrong results	Split	wrong results